<?xml version="1.0" encoding="UTF-8"?>
<!-- Generated by org.testng.reporters.JUnitXMLReporter -->
<testsuite ignored="0" hostname="DESKTOP-97NHFGP" failures="0" tests="2" name="Default test" time="78.751" errors="0" timestamp="2019-09-24T15:55:16 IST">
  <testcase classname="com.crm.qa.testcases.CompanyPageTest" name="NewcompaniesButton" time="0.148"/>
  <testcase classname="com.crm.qa.testcases.CompanyPageTest" name="addNewCompanyDetails" time="48.166"/>
</testsuite> <!-- Default test -->
