<?xml version="1.0" encoding="UTF-8"?>
<!-- Generated by org.testng.reporters.JUnitXMLReporter -->
<testsuite ignored="0" hostname="DESKTOP-97NHFGP" failures="0" tests="17" name="Free CRM Test Cases" time="343.782" errors="0" timestamp="2019-08-30T18:28:56 IST">
  <testcase classname="com.crm.qa.testcases.ContactPageTest" name="@BeforeMethod setUP" time="33.387">
    <failure type="org.openqa.selenium.TimeoutException" message="timeout
  (Session info: chrome=76.0.3809.100)
Build info: version: &amp;apos;3.141.59&amp;apos;, revision: &amp;apos;e82be7d358&amp;apos;, time: &amp;apos;2018-11-14T08:17:03&amp;apos;
System info: host: &amp;apos;DESKTOP-97NHFGP&amp;apos;, ip: &amp;apos;192.168.1.199&amp;apos;, os.name: &amp;apos;Windows 10&amp;apos;, os.arch: &amp;apos;amd64&amp;apos;, os.version: &amp;apos;10.0&amp;apos;, java.version: &amp;apos;12&amp;apos;
Driver info: org.openqa.selenium.chrome.ChromeDriver
Capabilities {acceptInsecureCerts: false, browserName: chrome, browserVersion: 76.0.3809.100, chrome: {chromedriverVersion: 76.0.3809.68 (420c9498db8ce..., userDataDir: C:\Users\SCALET~1\AppData\L...}, goog:chromeOptions: {debuggerAddress: localhost:56946}, javascriptEnabled: true, networkConnectionEnabled: false, pageLoadStrategy: normal, platform: XP, platformName: XP, proxy: Proxy(), setWindowRect: true, strictFileInteractability: false, timeouts: {implicit: 0, pageLoad: 300000, script: 30000}, unhandledPromptBehavior: dismiss and notify}
Session ID: 739efd6eaa8b80f79bbba88a20c7b605">
      <![CDATA[org.openqa.selenium.TimeoutException: timeout
  (Session info: chrome=76.0.3809.100)
Build info: version: '3.141.59', revision: 'e82be7d358', time: '2018-11-14T08:17:03'
System info: host: 'DESKTOP-97NHFGP', ip: '192.168.1.199', os.name: 'Windows 10', os.arch: 'amd64', os.version: '10.0', java.version: '12'
Driver info: org.openqa.selenium.chrome.ChromeDriver
Capabilities {acceptInsecureCerts: false, browserName: chrome, browserVersion: 76.0.3809.100, chrome: {chromedriverVersion: 76.0.3809.68 (420c9498db8ce..., userDataDir: C:\Users\SCALET~1\AppData\L...}, goog:chromeOptions: {debuggerAddress: localhost:56946}, javascriptEnabled: true, networkConnectionEnabled: false, pageLoadStrategy: normal, platform: XP, platformName: XP, proxy: Proxy(), setWindowRect: true, strictFileInteractability: false, timeouts: {implicit: 0, pageLoad: 300000, script: 30000}, unhandledPromptBehavior: dismiss and notify}
Session ID: 739efd6eaa8b80f79bbba88a20c7b605
at org.openqa.selenium.remote.http.W3CHttpResponseCodec.createException(W3CHttpResponseCodec.java:187)
at org.openqa.selenium.remote.http.W3CHttpResponseCodec.decode(W3CHttpResponseCodec.java:122)
at org.openqa.selenium.remote.http.W3CHttpResponseCodec.decode(W3CHttpResponseCodec.java:49)
at org.openqa.selenium.remote.HttpCommandExecutor.execute(HttpCommandExecutor.java:158)
at org.openqa.selenium.remote.service.DriverCommandExecutor.execute(DriverCommandExecutor.java:83)
at org.openqa.selenium.remote.RemoteWebDriver.execute(RemoteWebDriver.java:552)
at org.openqa.selenium.remote.RemoteWebDriver.get(RemoteWebDriver.java:277)
at com.crm.qa.base.TestBase.Initilization(TestBase.java:52)
at com.crm.qa.testcases.ContactPageTest.setUP(ContactPageTest.java:42)
at java.base/java.util.ArrayList.forEach(ArrayList.java:1540)
... Removed 36 stack frames]]>
    </failure>
  </testcase> <!-- @BeforeMethod setUP -->
  <testcase classname="com.crm.qa.testcases.ContactPageTest" name="@AfterMethod tearDown" time="-1.567169812593E9">
    <skipped/>
  </testcase> <!-- @AfterMethod tearDown -->
  <testcase classname="com.crm.qa.testcases.TaskPageTest" name="@BeforeMethod setUp" time="35.851">
    <failure type="org.openqa.selenium.TimeoutException" message="timeout
  (Session info: chrome=76.0.3809.100)
Build info: version: &amp;apos;3.141.59&amp;apos;, revision: &amp;apos;e82be7d358&amp;apos;, time: &amp;apos;2018-11-14T08:17:03&amp;apos;
System info: host: &amp;apos;DESKTOP-97NHFGP&amp;apos;, ip: &amp;apos;192.168.1.199&amp;apos;, os.name: &amp;apos;Windows 10&amp;apos;, os.arch: &amp;apos;amd64&amp;apos;, os.version: &amp;apos;10.0&amp;apos;, java.version: &amp;apos;12&amp;apos;
Driver info: org.openqa.selenium.chrome.ChromeDriver
Capabilities {acceptInsecureCerts: false, browserName: chrome, browserVersion: 76.0.3809.100, chrome: {chromedriverVersion: 76.0.3809.68 (420c9498db8ce..., userDataDir: C:\Users\SCALET~1\AppData\L...}, goog:chromeOptions: {debuggerAddress: localhost:57087}, javascriptEnabled: true, networkConnectionEnabled: false, pageLoadStrategy: normal, platform: XP, platformName: XP, proxy: Proxy(), setWindowRect: true, strictFileInteractability: false, timeouts: {implicit: 0, pageLoad: 300000, script: 30000}, unhandledPromptBehavior: dismiss and notify}
Session ID: 5c995aec83e86d84467fc75890985dfe">
      <![CDATA[org.openqa.selenium.TimeoutException: timeout
  (Session info: chrome=76.0.3809.100)
Build info: version: '3.141.59', revision: 'e82be7d358', time: '2018-11-14T08:17:03'
System info: host: 'DESKTOP-97NHFGP', ip: '192.168.1.199', os.name: 'Windows 10', os.arch: 'amd64', os.version: '10.0', java.version: '12'
Driver info: org.openqa.selenium.chrome.ChromeDriver
Capabilities {acceptInsecureCerts: false, browserName: chrome, browserVersion: 76.0.3809.100, chrome: {chromedriverVersion: 76.0.3809.68 (420c9498db8ce..., userDataDir: C:\Users\SCALET~1\AppData\L...}, goog:chromeOptions: {debuggerAddress: localhost:57087}, javascriptEnabled: true, networkConnectionEnabled: false, pageLoadStrategy: normal, platform: XP, platformName: XP, proxy: Proxy(), setWindowRect: true, strictFileInteractability: false, timeouts: {implicit: 0, pageLoad: 300000, script: 30000}, unhandledPromptBehavior: dismiss and notify}
Session ID: 5c995aec83e86d84467fc75890985dfe
at org.openqa.selenium.remote.http.W3CHttpResponseCodec.createException(W3CHttpResponseCodec.java:187)
at org.openqa.selenium.remote.http.W3CHttpResponseCodec.decode(W3CHttpResponseCodec.java:122)
at org.openqa.selenium.remote.http.W3CHttpResponseCodec.decode(W3CHttpResponseCodec.java:49)
at org.openqa.selenium.remote.HttpCommandExecutor.execute(HttpCommandExecutor.java:158)
at org.openqa.selenium.remote.service.DriverCommandExecutor.execute(DriverCommandExecutor.java:83)
at org.openqa.selenium.remote.RemoteWebDriver.execute(RemoteWebDriver.java:552)
at org.openqa.selenium.remote.RemoteWebElement.execute(RemoteWebElement.java:285)
at org.openqa.selenium.remote.RemoteWebElement.click(RemoteWebElement.java:84)
at org.openqa.selenium.support.pagefactory.internal.LocatingElementHandler.invoke(LocatingElementHandler.java:51)
at com.sun.proxy.$Proxy12.click(Unknown Source)
at com.crm.qa.pages.HomeScreen.ValidateLoginPage(HomeScreen.java:44)
at com.crm.qa.testcases.TaskPageTest.setUp(TaskPageTest.java:45)
at java.base/java.util.ArrayList.forEach(ArrayList.java:1540)
... Removed 39 stack frames]]>
    </failure>
  </testcase> <!-- @BeforeMethod setUp -->
  <testcase classname="com.crm.qa.testcases.TaskPageTest" name="@AfterMethod tearDown" time="-1.567169880665E9">
    <skipped/>
  </testcase> <!-- @AfterMethod tearDown -->
  <testcase classname="com.crm.qa.testcases.TaskPageTest" name="@BeforeMethod setUp" time="-1.567169880666E9">
    <skipped/>
  </testcase> <!-- @BeforeMethod setUp -->
  <testcase classname="com.crm.qa.testcases.TaskPageTest" name="@AfterMethod tearDown" time="-1.56716988068E9">
    <skipped/>
  </testcase> <!-- @AfterMethod tearDown -->
  <testcase classname="com.crm.qa.testcases.HomeScreenTest" name="testloginbtn" time="5.667"/>
  <testcase classname="com.crm.qa.testcases.HomeScreenTest" name="testsignupButton" time="4.816"/>
  <testcase classname="com.crm.qa.testcases.HomeScreenTest" name="crmTitleTest" time="0.06"/>
  <testcase classname="com.crm.qa.testcases.LoginPageTest" name="lgntest" time="0.346"/>
  <testcase classname="com.crm.qa.testcases.LoginPageTest" name="forgotpasswordTest" time="8.519"/>
  <testcase classname="com.crm.qa.testcases.LoginPageTest" name="classicCRMTest" time="4.245"/>
  <testcase classname="com.crm.qa.testcases.LoginPageTest" name="signuppageTest" time="9.342"/>
  <testcase classname="com.crm.qa.testcases.HomePageTest" name="crmLogoTest" time="1.959"/>
  <testcase classname="com.crm.qa.testcases.HomePageTest" name="ContactButtonTest" time="2.018"/>
  <testcase classname="com.crm.qa.testcases.ContactPageTest" name="newContactButtonTest" time="0.156"/>
  <testcase classname="com.crm.qa.testcases.ContactPageTest" name="addNewContactTest" time="0.0">
    <skipped/>
  </testcase> <!-- addNewContactTest -->
  <testcase classname="com.crm.qa.testcases.DealPageTest" name="newDealButtonTest" time="0.167"/>
  <testcase classname="com.crm.qa.testcases.DealPageTest" name="addNewDealTest" time="0.738"/>
  <testcase classname="com.crm.qa.testcases.TaskPageTest" name="createNewTaskTest" time="0.0">
    <skipped/>
  </testcase> <!-- createNewTaskTest -->
  <testcase classname="com.crm.qa.testcases.TaskPageTest" name="addNewTaskDetailsTest" time="0.0">
    <skipped/>
  </testcase> <!-- addNewTaskDetailsTest -->
  <testcase classname="com.crm.qa.testcases.CallPageTest" name="newCallButtonTest" time="0.163"/>
  <testcase classname="com.crm.qa.testcases.CallPageTest" name="addNewCallTest" time="15.146"/>
</testsuite> <!-- Free CRM Test Cases -->
