<?xml version="1.0" encoding="UTF-8"?>
<testng-results ignored="0" total="2" passed="2" failed="0" skipped="0">
  <reporter-output>
  </reporter-output>
  <suite started-at="2019-09-24T15:53:57 IST" name="Default suite" finished-at="2019-09-24T15:55:16 IST" duration-ms="78751">
    <groups>
    </groups>
    <test started-at="2019-09-24T15:53:57 IST" name="Default test" finished-at="2019-09-24T15:55:16 IST" duration-ms="78751">
      <class name="com.crm.qa.testcases.CompanyPageTest">
        <test-method is-config="true" signature="setUp()[pri:0, instance:com.crm.qa.testcases.CompanyPageTest@78e94dcf]" started-at="2019-09-24T15:53:57 IST" name="setUp" finished-at="2019-09-24T15:54:13 IST" duration-ms="15390" status="PASS">
          <reporter-output>
          </reporter-output>
        </test-method> <!-- setUp -->
        <test-method signature="NewcompaniesButton()[pri:1, instance:com.crm.qa.testcases.CompanyPageTest@78e94dcf]" started-at="2019-09-24T15:54:13 IST" name="NewcompaniesButton" finished-at="2019-09-24T15:54:13 IST" duration-ms="148" status="PASS">
          <reporter-output>
          </reporter-output>
        </test-method> <!-- NewcompaniesButton -->
        <test-method is-config="true" signature="teadDown()[pri:0, instance:com.crm.qa.testcases.CompanyPageTest@78e94dcf]" started-at="2019-09-24T15:54:13 IST" name="teadDown" finished-at="2019-09-24T15:54:14 IST" duration-ms="693" status="PASS">
          <reporter-output>
          </reporter-output>
        </test-method> <!-- teadDown -->
        <test-method is-config="true" signature="setUp()[pri:0, instance:com.crm.qa.testcases.CompanyPageTest@78e94dcf]" started-at="2019-09-24T15:54:14 IST" name="setUp" finished-at="2019-09-24T15:54:27 IST" duration-ms="13571" status="PASS">
          <reporter-output>
          </reporter-output>
        </test-method> <!-- setUp -->
        <test-method signature="addNewCompanyDetails()[pri:2, instance:com.crm.qa.testcases.CompanyPageTest@78e94dcf]" started-at="2019-09-24T15:54:27 IST" name="addNewCompanyDetails" finished-at="2019-09-24T15:55:15 IST" duration-ms="48166" status="PASS">
          <reporter-output>
          </reporter-output>
        </test-method> <!-- addNewCompanyDetails -->
        <test-method is-config="true" signature="teadDown()[pri:0, instance:com.crm.qa.testcases.CompanyPageTest@78e94dcf]" started-at="2019-09-24T15:55:15 IST" name="teadDown" finished-at="2019-09-24T15:55:16 IST" duration-ms="724" status="PASS">
          <reporter-output>
          </reporter-output>
        </test-method> <!-- teadDown -->
      </class> <!-- com.crm.qa.testcases.CompanyPageTest -->
    </test> <!-- Default test -->
  </suite> <!-- Default suite -->
</testng-results>
